<?xml version="1.0" encoding="UTF-8"?>
<!-- Generated by org.testng.reporters.JUnitReportReporter -->
<testsuite hostname="lovepreet" name="TestCases.MailTests" tests="1" failures="0" timestamp="11 Apr 2020 07:11:13 GMT" time="25.003" errors="0">
  <testcase name="writeMailTest" time="25.003" classname="TestCases.MailTests"/>
</testsuite> <!-- TestCases.MailTests -->
